[0.010s] Invoking command in '/home/drcl/Desktop/drcl/4ws_robot_ros2/build/teleop_twist_joy': CMAKE_PREFIX_PATH=/opt/ros/humble FZF_DEFAULT_OPTS=
    --color fg:-1,bg:-1,hl:196,fg+:254,bg+:239,hl+:040
    --color info:226,prompt:226,pointer:196,marker:254,spinner:226
    --preview 'file {}'
    --preview-window down:1 /usr/bin/cmake /home/drcl/Desktop/drcl/4ws_robot_ros2/src/teleop_twist_joy -DCMAKE_INSTALL_PREFIX=/home/drcl/Desktop/drcl/4ws_robot_ros2/install/teleop_twist_joy
[0.072s] -- The C compiler identification is GNU 11.4.0
[0.128s] -- The CXX compiler identification is GNU 11.4.0
[0.134s] -- Detecting C compiler ABI info
[0.177s] -- Detecting C compiler ABI info - done
[0.182s] -- Check for working C compiler: /usr/bin/cc - skipped
[0.182s] -- Detecting C compile features
[0.183s] -- Detecting C compile features - done
[0.185s] -- Detecting CXX compiler ABI info
[0.235s] -- Detecting CXX compiler ABI info - done
[0.240s] -- Check for working CXX compiler: /usr/bin/c++ - skipped
[0.240s] -- Detecting CXX compile features
[0.240s] -- Detecting CXX compile features - done
[0.243s] -- Found ament_cmake: 1.3.5 (/opt/ros/humble/share/ament_cmake/cmake)
[0.353s] -- Found Python3: /usr/bin/python3.10 (found version "3.10.12") found components: Interpreter 
[0.417s] -- Found geometry_msgs: 4.2.3 (/opt/ros/humble/share/geometry_msgs/cmake)
[0.447s] -- Found rosidl_generator_c: 3.1.5 (/opt/ros/humble/share/rosidl_generator_c/cmake)
[0.451s] -- Found rosidl_adapter: 3.1.5 (/opt/ros/humble/share/rosidl_adapter/cmake)
[0.458s] -- Found rosidl_generator_cpp: 3.1.5 (/opt/ros/humble/share/rosidl_generator_cpp/cmake)
[0.471s] -- Using all available rosidl_typesupport_c: rosidl_typesupport_fastrtps_c;rosidl_typesupport_introspection_c
[0.486s] -- Using all available rosidl_typesupport_cpp: rosidl_typesupport_fastrtps_cpp;rosidl_typesupport_introspection_cpp
[0.570s] -- Found rclcpp: 16.0.5 (/opt/ros/humble/share/rclcpp/cmake)
[0.605s] -- Found rmw_implementation_cmake: 6.1.1 (/opt/ros/humble/share/rmw_implementation_cmake/cmake)
[0.607s] -- Found rmw_fastrtps_cpp: 6.2.3 (/opt/ros/humble/share/rmw_fastrtps_cpp/cmake)
[0.662s] -- Found OpenSSL: /usr/lib/x86_64-linux-gnu/libcrypto.so (found version "3.0.2")  
[0.679s] -- Found FastRTPS: /opt/ros/humble/include  
[0.710s] -- Using RMW implementation 'rmw_fastrtps_cpp' as default
[0.715s] -- Looking for pthread.h
[0.758s] -- Looking for pthread.h - found
[0.758s] -- Performing Test CMAKE_HAVE_LIBC_PTHREAD
[0.802s] -- Performing Test CMAKE_HAVE_LIBC_PTHREAD - Success
[0.802s] -- Found Threads: TRUE  
[0.878s] -- Found rclcpp_components: 16.0.5 (/opt/ros/humble/share/rclcpp_components/cmake)
[0.923s] -- Found sensor_msgs: 4.2.3 (/opt/ros/humble/share/sensor_msgs/cmake)
[0.977s] -- Performing Test COMPILER_HAS_HIDDEN_VISIBILITY
[1.024s] -- Performing Test COMPILER_HAS_HIDDEN_VISIBILITY - Success
[1.025s] -- Performing Test COMPILER_HAS_HIDDEN_INLINE_VISIBILITY
[1.070s] -- Performing Test COMPILER_HAS_HIDDEN_INLINE_VISIBILITY - Success
[1.070s] -- Performing Test COMPILER_HAS_DEPRECATED_ATTR
[1.119s] -- Performing Test COMPILER_HAS_DEPRECATED_ATTR - Success
[1.121s] -- Found ament_lint_auto: 0.12.7 (/opt/ros/humble/share/ament_lint_auto/cmake)
[1.174s] -- Found python_cmake_module: 0.10.0 (/opt/ros/humble/share/python_cmake_module/cmake)
[1.188s] -- Found PythonInterp: /usr/bin/python3 (found suitable version "3.10.12", minimum required is "3.6") 
[1.191s] -- Found PythonLibs: /usr/lib/x86_64-linux-gnu/libpython3.10.so (found suitable version "3.10.12", minimum required is "3.5") 
[1.192s] -- Using PYTHON_EXECUTABLE: /usr/bin/python3
[1.192s] -- Using PYTHON_INCLUDE_DIRS: /usr/include/python3.10
[1.192s] -- Using PYTHON_LIBRARIES: /usr/lib/x86_64-linux-gnu/libpython3.10.so
[1.206s] -- Found PythonExtra: .so  
[1.217s] -- Added test 'cppcheck' to perform static code analysis on C / C++ code
[1.217s] -- Configured cppcheck include dirs: $<BUILD_INTERFACE:/home/drcl/Desktop/drcl/4ws_robot_ros2/src/teleop_twist_joy/include>
[1.217s] -- Configured cppcheck exclude dirs and/or files: 
[1.218s] -- Added test 'flake8' to check Python code syntax and style conventions
[1.218s] -- Added test 'lint_cmake' to check CMake code style
[1.219s] -- Added test 'pep257' to check Python code against some of the docstring style conventions in PEP 257
[1.219s] -- Added test 'xmllint' to check XML markup files
[1.221s] -- Configuring done
[1.229s] -- Generating done
[1.230s] -- Build files have been written to: /home/drcl/Desktop/drcl/4ws_robot_ros2/build/teleop_twist_joy
[1.238s] Invoked command in '/home/drcl/Desktop/drcl/4ws_robot_ros2/build/teleop_twist_joy' returned '0': CMAKE_PREFIX_PATH=/opt/ros/humble FZF_DEFAULT_OPTS=
    --color fg:-1,bg:-1,hl:196,fg+:254,bg+:239,hl+:040
    --color info:226,prompt:226,pointer:196,marker:254,spinner:226
    --preview 'file {}'
    --preview-window down:1 /usr/bin/cmake /home/drcl/Desktop/drcl/4ws_robot_ros2/src/teleop_twist_joy -DCMAKE_INSTALL_PREFIX=/home/drcl/Desktop/drcl/4ws_robot_ros2/install/teleop_twist_joy
[1.239s] Invoking command in '/home/drcl/Desktop/drcl/4ws_robot_ros2/build/teleop_twist_joy': CMAKE_PREFIX_PATH=/opt/ros/humble FZF_DEFAULT_OPTS=
    --color fg:-1,bg:-1,hl:196,fg+:254,bg+:239,hl+:040
    --color info:226,prompt:226,pointer:196,marker:254,spinner:226
    --preview 'file {}'
    --preview-window down:1 /usr/bin/cmake --build /home/drcl/Desktop/drcl/4ws_robot_ros2/build/teleop_twist_joy -- -j16 -l16
[1.267s] [ 25%] [32mBuilding CXX object CMakeFiles/teleop_twist_joy.dir/src/teleop_twist_joy.cpp.o[0m
[7.247s] [ 50%] [32m[1mLinking CXX shared library libteleop_twist_joy.so[0m
[7.506s] [ 50%] Built target teleop_twist_joy
[7.514s] gmake[2]: *** No rule to make target '/home/drcl/Desktop/drcl/4ws_robot_ros2/src/teleop_twist_joy/src/teleop_node.cpp', needed by 'CMakeFiles/teleop_twist_joy_node.dir/src/teleop_node.cpp.o'.  Stop.
[7.514s] gmake[1]: *** [CMakeFiles/Makefile2:165: CMakeFiles/teleop_twist_joy_node.dir/all] Error 2
[7.514s] gmake: *** [Makefile:146: all] Error 2
[7.516s] Invoked command in '/home/drcl/Desktop/drcl/4ws_robot_ros2/build/teleop_twist_joy' returned '2': CMAKE_PREFIX_PATH=/opt/ros/humble FZF_DEFAULT_OPTS=
    --color fg:-1,bg:-1,hl:196,fg+:254,bg+:239,hl+:040
    --color info:226,prompt:226,pointer:196,marker:254,spinner:226
    --preview 'file {}'
    --preview-window down:1 /usr/bin/cmake --build /home/drcl/Desktop/drcl/4ws_robot_ros2/build/teleop_twist_joy -- -j16 -l16
